
  ==========================================
  Studio Pro version: 8.0.9
  Started at: 29/04/2022 17:29:11
  ==========================================
  

[2022-04-29T20:29:21.544Z] : [success]: Bot started

[2022-04-29T20:29:21.545Z] : [info]: Robot start

[2022-04-29T20:29:28.753Z] : [success]: Bot finished successfully, total execution time: 7s 205ms

[2022-04-29T20:29:28.755Z] : [info]: ---------------------------------------------

[2022-04-29T20:30:35.106Z] : [success]: Robot saved successfully

[2022-04-29T20:30:46.767Z] : [success]: Bot started

[2022-04-29T20:30:46.768Z] : [info]: Robot start

[2022-04-29T20:30:54.745Z] : [success]: Bot finished successfully, total execution time: 7s 975ms

[2022-04-29T20:30:54.746Z] : [info]: ---------------------------------------------

[2022-04-29T20:31:04.505Z] : [success]: Robot saved successfully

[2022-04-29T20:31:10.991Z] : [success]: Bot started

[2022-04-29T20:31:10.992Z] : [info]: Robot start

[2022-04-29T20:31:20.736Z] : [success]: Bot finished successfully, total execution time: 9s 742ms

[2022-04-29T20:31:20.737Z] : [info]: ---------------------------------------------

[2022-04-29T20:31:41.465Z] : [success]: Robot saved successfully

[2022-04-29T20:31:46.802Z] : [success]: Bot started

[2022-04-29T20:31:46.803Z] : [info]: Robot start

[2022-04-29T20:31:55.742Z] : [success]: Bot finished successfully, total execution time: 8s 938ms

[2022-04-29T20:31:55.744Z] : [info]: ---------------------------------------------

[2022-04-29T20:32:24.261Z] : [success]: Bot started

[2022-04-29T20:32:24.262Z] : [info]: Robot start

[2022-04-29T20:32:31.736Z] : [success]: Bot finished successfully, total execution time: 7s 473ms

[2022-04-29T20:32:31.737Z] : [info]: ---------------------------------------------

[2022-04-29T20:35:06.012Z] : [success]: Robot saved successfully

[2022-04-29T20:35:06.023Z] : [success]: Bot started

[2022-04-29T20:35:06.024Z] : [info]: Robot start

[2022-04-29T20:35:18.770Z] : [success]: Bot finished successfully, total execution time: 12s 744ms

[2022-04-29T20:35:18.772Z] : [info]: ---------------------------------------------

[2022-04-29T20:36:20.173Z] : [success]: Robot saved successfully

[2022-04-29T20:36:27.055Z] : [success]: Bot started

[2022-04-29T20:36:27.056Z] : [info]: Robot start

[2022-04-29T20:36:38.748Z] : [success]: Bot finished successfully, total execution time: 11s 689ms

[2022-04-29T20:36:38.750Z] : [info]: ---------------------------------------------

